2024-03-15 16:58:55 INFO: Q:hello | A: Comparison is made based on core key specifications | country unknown
2024-03-15 16:59:28 INFO: Q:can i get contact info? | A:Please email jyyua@ls-electric.com | country unknown
2024-03-15 16:59:45 INFO: Q:what is pmg? | A:Please email jyyua@ls-electric.com | country unknown
2024-03-17 16:21:27 INFO: Q:1251255 | A:We provide optimal results with our own recommendation algorithm | South Korea
2024-03-18 10:07:08 INFO: Q:test | A: Comparison is made based on core key specifications | South Korea
2024-03-18 10:17:57 INFO: Q:124215125 | A:We don't have it yet but if you give us FEEDBACK about the SPG you need and we will review it | country unknown
2024-03-18 10:19:12 INFO: Q:test12345 | A: Comparison is made based on core key specifications | country unknown
2024-03-18 10:34:21 INFO: Q:test 123456 | A:In iec mccb it is size and frame and in ul mccb it is frame and breaking capacity | South Korea
2024-03-18 17:58:19 INFO: Q:테스트 12345 | A: Comparison is made based on core key specifications | South Korea
2024-03-19 09:57:21 INFO: Q:TEST | A: Comparison is made based on core key specifications | country unknown
2024-03-20 09:03:58 INFO: Q:can i get contact info? | A:For sales inquiry, contact our sales teams stated on the HOME page. | country unknown
2024-03-20 09:04:13 INFO: Q:Thanks! | A:Visit Product Finder(https://pfinder.ls-electric.com/main.do) for more information on products! | country unknown
2024-03-20 10:15:45 INFO: Q:test | A:The PMG suggests recommendations and similar alternatives to your searched product. | South Korea
2024-03-20 11:43:33 INFO: Q:Hey | A:For sales inquiry, contact our sales teams stated on the HOME page. | South Korea
2024-03-20 20:40:10 INFO: Q:eee33e3e | A:The Product Match Guide(PMG) cross references many competitor products. We provide LS ELECTRIC recommendations and guide you to discover the most optimal solutions. | South Korea
2024-03-20 20:40:25 INFO: Q:deedkkldekljdekde. dede de3 de3 de | A:Currently, the PMG only provides reommendations for MCCB, ACB, MC and MCB. For information on more products, please visit Product Finder through the link on the top of the page. For more recommendations on other products, suggests improvements through our survey page! | South Korea
2024-03-21 10:23:53 INFO: Q:125125 | A:Visit Product Finder(https://pfinder.ls-electric.com/main.do) for more information on products! | South Korea
2024-03-21 10:29:58 INFO: Q:12512512 | A:Visit Product Finder(https://pfinder.ls-electric.com/main.do) for more information on products! | country unknown
2024-03-22 10:07:11 INFO: Q:hey | A:For sales inquiry, contact our sales teams stated on the HOME page. | country unknown
2024-03-22 12:39:59 INFO: Q:123456 | A:Visit Product Finder(https://pfinder.ls-electric.com/main.do) for more information on products! | South Korea
2024-03-22 12:40:14 INFO: Q:tesy | A:For sales inquiry, contact our sales teams stated on the HOME page. | South Korea
2024-03-22 17:42:17 INFO: Q:Hello, can I get a contact information? | A:For sales inquiry, contact our sales teams stated on the HOME page. | country unknown
2024-03-22 17:42:42 INFO: Q:what is main feature of PMG? | A:The Product Match Guide(PMG) cross references many competitor products. We provide LS ELECTRIC recommendations and guide you to discover the most optimal solutions. | country unknown
2024-03-22 17:42:55 INFO: Q:Thanks! | A:Visit Product Finder(https://pfinder.ls-electric.com/main.do) for more information on products! | country unknown
2024-03-22 19:25:47 INFO: Q:hello | A:For sales inquiry, contact our sales teams stated on the HOME page. | country unknown
2024-03-22 19:25:59 INFO: Q:what can I do | A:For sales inquiry, contact our sales teams stated on the HOME page. | country unknown
2024-03-22 19:26:10 INFO: Q:what are you | A:For sales inquiry, contact our sales teams stated on the HOME page. | country unknown
2024-03-22 19:26:24 INFO: Q:hello what is pmg? | A:The Product Match Guide(PMG) cross references many competitor products. We provide LS ELECTRIC recommendations and guide you to discover the most optimal solutions. | country unknown
2024-03-22 19:26:44 INFO: Q:what are the features of pmg? | A:The Product Match Guide(PMG) cross references many competitor products. We provide LS ELECTRIC recommendations and guide you to discover the most optimal solutions. | country unknown
2024-03-22 19:27:00 INFO: Q:what is PMG? | A:The Product Match Guide(PMG) cross references many competitor products. We provide LS ELECTRIC recommendations and guide you to discover the most optimal solutions. | country unknown
2024-03-22 19:27:13 INFO: Q:Can I get contact information? | A:For sales inquiry, contact our sales teams stated on the HOME page. | country unknown
2024-03-22 19:28:14 INFO: Q:what is PMG? | A:The Product Match Guide(PMG) cross references many competitor products. We provide LS ELECTRIC recommendations and guide you to discover the most optimal solutions. | country unknown
2024-03-22 19:31:06 INFO: Q:clear | A:For sales inquiry, contact our sales teams stated on the HOME page. | country unknown
2024-03-22 19:31:22 INFO: Q:what is the main feature of PMG? | A:The Product Match Guide(PMG) cross references many competitor products. We provide LS ELECTRIC recommendations and guide you to discover the most optimal solutions. | country unknown
2024-03-22 19:31:45 INFO: Q:Can I get contact information? | A:For sales inquiry, contact our sales teams stated on the HOME page. | country unknown
2024-03-22 19:31:56 INFO: Q:can I get sales person | A:For sales inquiry, contact our sales teams stated on the HOME page. | country unknown
2024-03-22 19:33:54 INFO: Q:Can I get contact information | A:For sales inquiry, contact our sales teams stated on the HOME page. | country unknown
2024-03-22 19:34:09 INFO: Q:do you know jyyu | A:The Product Match Guide(PMG) cross references many competitor products. We provide LS ELECTRIC recommendations and guide you to discover the most optimal solutions. | country unknown
2024-03-23 11:29:58 INFO: Q:125215 | A:Visit Product Finder(https://pfinder.ls-electric.com/main.do) for more information on products! | South Korea
2024-03-23 11:30:22 INFO: Q:ㅅㄷㄴㅅ | A:For sales inquiry, contact our sales teams stated on the HOME page. | South Korea
2024-03-23 11:40:57 INFO: Q:125125 | A:Visit Product Finder(https://pfinder.ls-electric.com/main.do) for more information on products! | South Korea
2024-03-23 11:41:27 INFO: Q:12512424 | A:Visit Product Finder(https://pfinder.ls-electric.com/main.do) for more information on products! | South Korea
2024-03-23 11:41:47 INFO: Q:125125125 | A:Visit Product Finder(https://pfinder.ls-electric.com/main.do) for more information on products! | South Korea
2024-03-23 11:42:21 INFO: Q:125125 | A:Visit Product Finder(https://pfinder.ls-electric.com/main.do) for more information on products! | South Korea
2024-03-23 11:42:26 INFO: Q:65656 | A:Visit Product Finder(https://pfinder.ls-electric.com/main.do) for more information on products! | South Korea
2024-03-23 11:42:30 INFO: Q:7676767 | A:Visit Product Finder(https://pfinder.ls-electric.com/main.do) for more information on products! | South Korea
2024-03-23 11:42:43 INFO: Q:1233 | A:Visit Product Finder(https://pfinder.ls-electric.com/main.do) for more information on products! | South Korea
2024-03-23 11:43:55 INFO: Q:125125 | A:Visit Product Finder(https://pfinder.ls-electric.com/main.do) for more information on products! | South Korea
2024-03-23 11:44:09 INFO: Q:test | A:The PMG suggests recommendations and similar alternatives to your searched product. | South Korea
2024-03-23 11:44:37 INFO: Q:test | A:The PMG suggests recommendations and similar alternatives to your searched product. | South Korea
2024-03-23 11:44:43 INFO: Q:12444 | A:Visit Product Finder(https://pfinder.ls-electric.com/main.do) for more information on products! | South Korea
2024-03-23 11:44:55 INFO: Q:test | A:The PMG suggests recommendations and similar alternatives to your searched product. | South Korea
2024-03-23 11:46:34 INFO: Q:1525125 | A:Visit Product Finder(https://pfinder.ls-electric.com/main.do) for more information on products! | South Korea
2024-03-23 11:47:20 INFO: Q:124412423 | A:Visit Product Finder(https://pfinder.ls-electric.com/main.do) for more information on products! | South Korea
2024-03-23 11:47:42 INFO: Q:1251243 | A:Visit Product Finder(https://pfinder.ls-electric.com/main.do) for more information on products! | South Korea
2024-03-23 11:51:30 INFO: Q:125123213 | A:Visit Product Finder(https://pfinder.ls-electric.com/main.do) for more information on products! | South Korea
2024-03-23 11:53:08 INFO: Q:tetst | A:For sales inquiry, contact our sales teams stated on the HOME page. | South Korea
2024-03-23 11:54:23 INFO: Q:1234 | A:Visit Product Finder(https://pfinder.ls-electric.com/main.do) for more information on products! | South Korea
2024-03-23 11:54:26 INFO: Q:time | A:Visit Product Finder(https://pfinder.ls-electric.com/main.do) for more information on products! | South Korea
2024-03-23 11:54:32 INFO: Q:time | A:Visit Product Finder(https://pfinder.ls-electric.com/main.do) for more information on products! | South Korea
2024-03-23 11:54:37 INFO: Q:time Test1234 | A:The PMG suggests recommendations and similar alternatives to your searched product. | South Korea
2024-03-23 11:54:42 INFO: Q:Time Time Time | A:Visit Product Finder(https://pfinder.ls-electric.com/main.do) for more information on products! | South Korea
2024-03-23 11:54:49 INFO: Q:Time Time Time Time | A:Visit Product Finder(https://pfinder.ls-electric.com/main.do) for more information on products! | South Korea
2024-03-23 11:55:02 INFO: Q:Time | A:Visit Product Finder(https://pfinder.ls-electric.com/main.do) for more information on products! | South Korea
2024-03-23 11:55:05 INFO: Q:TimeTimeTime | A:Visit Product Finder(https://pfinder.ls-electric.com/main.do) for more information on products! | South Korea
2024-03-23 11:55:09 INFO: Q:Minute? | A:For sales inquiry, contact our sales teams stated on the HOME page. | South Korea
2024-03-23 11:55:18 INFO: Q:Time Change? | A:The PMG suggests recommendations and similar alternatives to your searched product. | South Korea
2024-03-23 11:55:23 INFO: Q:Time Change | A:Use the Multi Search service to get recommendations for multiple products! Simply drop an excel file to get the optimal LS ELECTRIC solution. | South Korea
2024-03-23 11:55:27 INFO: Q:Time Time Time Time | A:Visit Product Finder(https://pfinder.ls-electric.com/main.do) for more information on products! | South Korea
2024-03-23 11:55:32 INFO: Q:Time Time Time Time | A:Visit Product Finder(https://pfinder.ls-electric.com/main.do) for more information on products! | South Korea
2024-03-23 11:55:37 INFO: Q:Minute Change~ | A:Use the Multi Search service to get recommendations for multiple products! Simply drop an excel file to get the optimal LS ELECTRIC solution. | South Korea
2024-03-23 11:55:42 INFO: Q:Time! | A:Visit Product Finder(https://pfinder.ls-electric.com/main.do) for more information on products! | South Korea
2024-03-23 11:56:42 INFO: Q:1245234 | A:Visit Product Finder(https://pfinder.ls-electric.com/main.do) for more information on products! | South Korea
2024-03-23 11:58:07 INFO: Q:test1234 | A:The PMG suggests recommendations and similar alternatives to your searched product. | South Korea
2024-03-23 11:58:40 INFO: Q:test | A:The PMG suggests recommendations and similar alternatives to your searched product. | South Korea
2024-03-23 11:59:42 INFO: Q:1245125 | A:Visit Product Finder(https://pfinder.ls-electric.com/main.do) for more information on products! | South Korea
2024-03-23 12:00:05 INFO: Q:Test123456 | A:The PMG suggests recommendations and similar alternatives to your searched product. | South Korea
2024-03-23 12:02:45 INFO: Q:12521 | A:Visit Product Finder(https://pfinder.ls-electric.com/main.do) for more information on products! | South Korea
2024-03-23 12:04:00 INFO: Q:124215 | A:For sales inquiry, contact our sales teams stated on the HOME page. | South Korea
2024-03-23 12:04:14 INFO: Q:test | A:The PMG suggests recommendations and similar alternatives to your searched product. | South Korea
2024-03-23 12:05:00 INFO: Q:test12345 | A:The PMG suggests recommendations and similar alternatives to your searched product. | South Korea
2024-03-23 12:05:04 INFO: Q:testdddd | A:For sales inquiry, contact our sales teams stated on the HOME page. | South Korea
2024-03-23 12:05:08 INFO: Q:12341245 | A:Visit Product Finder(https://pfinder.ls-electric.com/main.do) for more information on products! | South Korea
2024-03-23 12:05:30 INFO: Q:test | A:The PMG suggests recommendations and similar alternatives to your searched product. | South Korea
2024-03-23 12:05:41 INFO: Q:1205 | A:Check out our newsletter(https://www.ls-electric.com/media/news-letter)! | South Korea
2024-03-23 12:05:44 INFO: Q:1205 test | A:The PMG suggests recommendations and similar alternatives to your searched product. | South Korea
2024-03-23 12:06:02 INFO: Q:test1234 | A:The PMG suggests recommendations and similar alternatives to your searched product. | South Korea
2024-03-23 12:06:06 INFO: Q:test1206 | A:The PMG suggests recommendations and similar alternatives to your searched product. | South Korea
2024-03-23 12:15:40 INFO: Q:125215 | A:Visit Product Finder(https://pfinder.ls-electric.com/main.do) for more information on products! | South Korea
2024-03-23 12:16:02 INFO: Q:test | A:The PMG suggests recommendations and similar alternatives to your searched product. | South Korea
2024-03-23 12:16:10 INFO: Q:test123545 | A:The PMG suggests recommendations and similar alternatives to your searched product. | South Korea
2024-03-23 12:18:42 INFO: Q:test | A:The PMG suggests recommendations and similar alternatives to your searched product. | South Korea
2024-03-23 12:18:48 INFO: Q:dd | A:For sales inquiry, contact our sales teams stated on the HOME page. | South Korea
2024-03-23 12:19:10 INFO: Q:test | A:The PMG suggests recommendations and similar alternatives to your searched product. | South Korea
2024-03-23 12:20:23 INFO: Q:12452 | A:Visit Product Finder(https://pfinder.ls-electric.com/main.do) for more information on products! | South Korea
2024-03-23 12:21:14 INFO: Q:test1234 | A:The PMG suggests recommendations and similar alternatives to your searched product. | South Korea
2024-03-23 12:22:41 INFO: Q:ddd | A:For sales inquiry, contact our sales teams stated on the HOME page. | South Korea
2024-03-23 12:31:12 INFO: Q:ㅅㄷㄴㅅ | A:For sales inquiry, contact our sales teams stated on the HOME page. | South Korea
2024-03-23 12:31:51 INFO: Q:1231 | A:Visit Product Finder(https://pfinder.ls-electric.com/main.do) for more information on products! | South Korea
2024-03-23 12:31:54 INFO: Q:1231 | A:Visit Product Finder(https://pfinder.ls-electric.com/main.do) for more information on products! | South Korea
2024-03-23 12:31:57 INFO: Q:1231 | A:Visit Product Finder(https://pfinder.ls-electric.com/main.do) for more information on products! | South Korea
2024-03-23 12:32:00 INFO: Q:1231 | A:Visit Product Finder(https://pfinder.ls-electric.com/main.do) for more information on products! | South Korea
2024-03-23 12:32:03 INFO: Q:1231 | A:Visit Product Finder(https://pfinder.ls-electric.com/main.do) for more information on products! | South Korea
2024-03-23 12:32:07 INFO: Q:1231 | A:Visit Product Finder(https://pfinder.ls-electric.com/main.do) for more information on products! | South Korea
2024-03-23 12:32:07 INFO: Q:1231 | A:Visit Product Finder(https://pfinder.ls-electric.com/main.do) for more information on products! | South Korea
2024-03-23 12:32:11 INFO: Q:1231 | A:Visit Product Finder(https://pfinder.ls-electric.com/main.do) for more information on products! | South Korea
2024-03-23 12:32:11 INFO: Q:1232 | A:For sales inquiry, contact our sales teams stated on the HOME page. | South Korea
2024-03-23 12:32:13 INFO: Q:1232 | A:For sales inquiry, contact our sales teams stated on the HOME page. | South Korea
2024-03-24 15:13:48 INFO: Q:special | A:We provide optimal solutions based on our own unique recommendation algorithm! | South Korea
2024-03-25 10:38:45 INFO: Q:3RT6025-1AC20 | A:Currently, the PMG only provides reommendations for MCCB, ACB, MC and MCB. For information on more products, please visit Product Finder through the link on the top of the page. For more recommendations on other products, suggests improvements through our survey page! | country unknown
2024-03-25 12:29:12 INFO: Q:recommend ㅡㅊ츄 | A:For sales inquiry, contact our sales teams stated on the HOME page. | country unknown
2024-03-25 23:56:36 INFO: Q:Hello | A:For sales inquiry, contact our sales teams stated on the HOME page. | South Korea
2024-03-25 23:56:55 INFO: Q:contact | A:For sales inquiry, contact our sales teams stated on the HOME page. | South Korea
2024-03-25 23:57:22 INFO: Q:Hello? | A:For sales inquiry, contact our sales teams stated on the HOME page. | South Korea
2024-03-25 23:57:35 INFO: Q:can I get contact info? | A:For sales inquiry, contact our sales teams stated on the HOME page. | South Korea
2024-03-26 09:10:16 INFO: Q:I want to contact | A:Please visit our LS ELECTRIC website(https://www.ls-electric.com). For sales inquiry, contact our sales teams. | country unknown
2024-03-26 09:10:30 INFO: Q:I want to know the manager | A:Comparison on Schneider Electric, EATON, ABB, SIEMENS products are supported. | country unknown
2024-03-28 16:41:30 INFO: Q:how does it work? | A:The PMG suggests recommendations and similar alternatives to your searched product. | Romania
2024-03-29 17:40:00 INFO: Q:test | A:The PMG suggests recommendations and similar alternatives to your searched product. | South Korea
2024-04-01 19:20:19 INFO: Q:Hello | A:For sales inquiry, contact our sales teams stated on the HOME page. | Tunisia
2024-04-15 13:54:59 INFO: Q:tool search | A:Visit Product Finder through the link on the top of the page. | South Korea
2024-04-19 09:38:55 INFO: Q:' | A:For sales inquiry, contact our sales teams stated on the HOME page. | South Korea
2024-04-19 09:40:44 INFO: Q:test | A:The PMG suggests recommendations and similar alternatives to your searched product. | South Korea
2024-04-19 09:42:40 INFO: Q:<ls> | A:Check out our newsletter(https://www.ls-electric.com/media/news-letter)! | South Korea
2024-04-19 09:49:39 INFO: Q:<script>alert(document.cookie)</script> | A:Visit Product Finder(https://pfinder.ls-electric.com/main.do) for more information on products! | South Korea
2024-04-19 11:38:21 INFO: Q:test | A:The PMG suggests recommendations and similar alternatives to your searched product. | South Korea
2024-04-19 11:39:16 INFO: Q:upload | A:Visit Product Finder(https://pfinder.ls-electric.com/main.do) for more information on products! | South Korea
2024-04-19 11:39:46 INFO: Q:download | A:For sales inquiry, contact our sales teams stated on the HOME page. | South Korea
2024-04-19 11:40:00 INFO: Q:내일 | A:For sales inquiry, contact our sales teams stated on the HOME page. | South Korea
2024-04-19 11:48:04 INFO: Q:1234 | A:Visit Product Finder(https://pfinder.ls-electric.com/main.do) for more information on products! | South Korea
2024-04-26 20:48:23 INFO: Q:quote | A:Check out our newsletter(https://www.ls-electric.com/media/news-letter)! | South Korea
2024-04-26 20:48:35 INFO: Q:product | A:Visit Product Finder(https://pfinder.ls-electric.com/main.do) for more information on products! | South Korea
2024-04-26 20:48:52 INFO: Q:project | A:Visit Product Finder(https://pfinder.ls-electric.com/main.do) for more information on products! | South Korea
2024-04-26 20:49:08 INFO: Q:sustainablitiy | A:Visit Product Finder(https://pfinder.ls-electric.com/main.do) for more information on products! | South Korea
2024-04-26 20:49:19 INFO: Q:price | A:For price information, please inquire our sales teams or visit Product Finder(https://pfinder.ls-electric.com/main.do). | South Korea
2024-04-29 16:57:48 INFO: Q:hi | A:For sales inquiry, contact our sales teams stated on the HOME page. | Spain
2024-05-02 17:32:38 INFO: Q:Hi | A:For sales inquiry, contact our sales teams stated on the HOME page. | South Korea
2024-05-03 02:50:02 INFO: Q:Hi, Could I get the installation manual for the BUSDUCT EX-WAY(UL) Fusible Plug-In Unit (Class R) please? | A:Currently, the PMG only provides reommendations for MCCB, ACB, MC and MCB. For information on more products, please visit Product Finder through the link on the top of the page. For more recommendations on other products, suggests improvements through our survey page! | Canada
2024-05-03 02:50:58 INFO: Q:But I have this product | A:Visit Product Finder(https://pfinder.ls-electric.com/main.do) for more information on products! | Canada
2024-05-03 18:52:52 INFO: Q:sss | A:Visit Product Finder(https://pfinder.ls-electric.com/main.do) for more information on products! | Country Unknown
2024-05-07 10:19:58 INFO: Q:test | A:The PMG suggests recommendations and similar alternatives to your searched product. | South Korea
2024-05-07 10:36:18 INFO: Q:123456 | A:Visit Product Finder(https://pfinder.ls-electric.com/main.do) for more information on products! | South Korea
2024-05-15 05:15:15 INFO: Q:PMG가 무엇인지 설명해줘 | A:For sales inquiry, contact our sales teams stated on the HOME page. | South Korea
2024-05-17 12:59:44 INFO: Q:hihi | A:For sales inquiry, contact our sales teams stated on the HOME page. | country unknown
2024-05-17 16:53:25 INFO: Q:A program for calculating the selectivity of lsis circuit breakers | A:Currently, the PMG only provides reommendations for MCCB, ACB, MC and MCB. For information on more products, please visit Product Finder through the link on the top of the page. For more recommendations on other products, suggests improvements through our survey page! | Russia
2024-05-21 18:44:06 INFO: Q:12512566 | A:Visit Product Finder(https://pfinder.ls-electric.com/main.do) for more information on products! | South Korea
2024-05-21 18:45:14 INFO: Q:6346364 | A:Visit Product Finder(https://pfinder.ls-electric.com/main.do) for more information on products! | South Korea
