2024-03-15 17:50:04 INFO: 2024\03\15\20240315_175004643390400.xlsx | South Korea
2024-03-15 17:56:13 INFO: 2024\03\15\20240315_175613270887000.xlsx | South Korea
2024-03-15 18:04:49 INFO: 2024\03\15\20240315_180449603310400.xlsx | South Korea
2024-03-17 17:22:31 INFO: 2024\03\17\20240317_17223183164100.xlsx | South Korea
2024-03-17 17:23:22 INFO: 2024\03\17\20240317_172321895932700.xlsx | South Korea
2024-03-17 17:28:04 INFO: 2024\03\17\20240317_172803948082300.xlsx | South Korea
2024-03-17 17:28:28 INFO: 2024\03\17\20240317_172828727863800.xlsx | South Korea
2024-03-17 17:31:00 INFO: 2024\03\17\20240317_173100485423800.xlsx | South Korea
2024-03-17 17:31:19 INFO: 2024\03\17\20240317_173119214636600.xlsx | South Korea
2024-03-18 10:08:49 INFO: 2024\03\18\20240318_100849237506600.xlsx | South Korea
2024-03-18 10:18:03 INFO: 2024\03\18\20240318_101803709427600.xlsx | country unknown
2024-03-18 10:19:27 INFO: 2024\03\18\20240318_101927243515900.xlsx | country unknown
2024-03-18 10:22:57 INFO: 2024\03\18\20240318_102257775302300.xlsx | South Korea
2024-03-18 10:23:08 INFO: 2024\03\18\20240318_102308292056500.xlsx | South Korea
2024-03-18 10:23:19 INFO: 2024\03\18\20240318_10231942249300.xlsx | South Korea
2024-03-18 10:23:28 INFO: 2024\03\18\20240318_102328557339300.xlsx | South Korea
2024-03-18 10:34:47 INFO: 2024\03\18\20240318_103447250634800.xlsx | South Korea
2024-03-18 10:34:54 INFO: 2024\03\18\20240318_103453969420300.xlsx | South Korea
2024-03-18 10:35:08 INFO: 2024\03\18\20240318_103508407798900.xlsx | South Korea
2024-03-18 10:35:16 INFO: 2024\03\18\20240318_103516219350900.xlsx | South Korea
2024-03-18 10:36:15 INFO: 2024\03\18\20240318_103615737766100.xlsx | South Korea
2024-03-18 22:18:07 INFO: 2024\03\18\20240318_221807627713600.xlsx | South Korea
2024-03-19 21:50:35 INFO: 2024\03\19\20240319_215034988957400.xlsx | country unknown
2024-03-19 21:53:32 INFO: 2024\03\19\20240319_21533233081000.xlsx | country unknown
2024-03-20 08:58:21 INFO: 2024\03\20\20240320_085820707259600.xlsx | country unknown
2024-03-20 09:24:21 INFO: 2024\03\20\20240320_092420724223200.xlsx | country unknown
2024-03-20 09:31:55 INFO: 2024\03\20\20240320_093154976128200.xlsx | country unknown
2024-03-20 09:32:56 INFO: 2024\03\20\20240320_093255934997800.xlsx | country unknown
2024-03-20 09:32:59 INFO: 2024\03\20\20240320_093259190687400.xlsx | country unknown
2024-03-20 09:38:59 INFO: 2024\03\20\20240320_093858814565300.xlsx | country unknown
2024-03-20 09:41:34 INFO: 2024\03\20\20240320_094133297649900.xlsx | country unknown
2024-03-20 11:02:23 INFO: 2024\03\20\20240320_110222728634000.xlsx | country unknown
2024-03-20 11:02:53 INFO: 2024\03\20\20240320_110253367024700.xlsx | South Korea
2024-03-20 11:10:15 INFO: 2024\03\20\20240320_111015268743100.xlsx | country unknown
2024-03-20 11:10:47 INFO: 2024\03\20\20240320_11104729995200.xlsx | country unknown
2024-03-20 11:12:02 INFO: 2024\03\20\20240320_111201943294000.xlsx | country unknown
2024-03-20 11:12:20 INFO: 2024\03\20\20240320_111220827952300.xlsx | South Korea
2024-03-20 11:12:40 INFO: 2024\03\20\20240320_11124064436900.xlsx | South Korea
2024-03-20 11:12:56 INFO: 2024\03\20\20240320_111256157401900.xlsx | South Korea
2024-03-20 11:13:16 INFO: 2024\03\20\20240320_111316782949100.xlsx | South Korea
2024-03-20 11:13:20 INFO: 2024\03\20\20240320_111320839602400.xlsx | country unknown
2024-03-20 11:13:33 INFO: 2024\03\20\20240320_11133317001600.xlsx | South Korea
2024-03-20 11:14:09 INFO: 2024\03\20\20240320_11140943716000.xlsx | country unknown
2024-03-20 11:20:05 INFO: 2024\03\20\20240320_112005668417300.xlsx | South Korea
2024-03-20 11:20:56 INFO: 2024\03\20\20240320_112055935338300.xlsx | South Korea
2024-03-20 11:21:13 INFO: 2024\03\20\20240320_112113662412000.xlsx | South Korea
2024-03-20 15:12:12 INFO: 2024\03\20\20240320_151212688472300.xlsx | country unknown
2024-03-20 17:07:31 INFO: 2024\03\20\20240320_170731228495700.xlsx | South Korea
2024-03-20 17:15:12 INFO: 2024\03\20\20240320_171512738636900.xlsx | South Korea
2024-03-21 10:09:31 INFO: 2024\03\21\20240321_100931558937000.xlsx | South Korea
2024-03-21 10:09:46 INFO: 2024\03\21\20240321_100946753357800.xlsx | South Korea
2024-03-21 10:11:25 INFO: 2024\03\21\20240321_101124992573100.xlsx | South Korea
2024-03-21 10:11:40 INFO: 2024\03\21\20240321_101140558181200.xlsx | South Korea
2024-03-21 10:14:56 INFO: 2024\03\21\20240321_101455887145600.xlsx | country unknown
2024-03-21 10:15:57 INFO: 2024\03\21\20240321_101557702535100.xlsx | South Korea
2024-03-21 10:16:35 INFO: 2024\03\21\20240321_101635787499800.xlsx | South Korea
2024-03-21 10:18:02 INFO: 2024\03\21\20240321_101802341431900.xlsx | South Korea
2024-03-21 10:18:31 INFO: 2024\03\21\20240321_101831427775800.xlsx | South Korea
2024-03-21 10:18:38 INFO: 2024\03\21\20240321_101838706191800.xlsx | South Korea
2024-03-21 10:19:56 INFO: 2024\03\21\20240321_101956697745000.xlsx | South Korea
2024-03-21 10:20:01 INFO: 2024\03\21\20240321_102001461177200.xlsx | South Korea
2024-03-21 10:24:17 INFO: 2024\03\21\20240321_102417673484400.xlsx | South Korea
2024-03-21 10:30:07 INFO: 2024\03\21\20240321_103007585346100.xlsx | country unknown
2024-03-21 10:37:43 INFO: 2024\03\21\20240321_103743806793200.xlsx | South Korea
2024-03-21 10:40:50 INFO: 2024\03\21\20240321_104050814394800.xlsx | South Korea
2024-03-21 14:25:01 INFO: 2024\03\21\20240321_142501254728100.xlsx | South Korea
2024-03-21 15:59:14 INFO: 2024\03\21\20240321_155914539181800.xlsx | South Korea
2024-03-21 23:45:40 INFO: 2024\03\21\20240321_234540718400.xlsx | country unknown
2024-03-21 23:47:15 INFO: 2024\03\21\20240321_234715247427500.xlsx | country unknown
2024-03-21 23:48:22 INFO: 2024\03\21\20240321_234821948485800.xlsx | country unknown
2024-03-21 23:48:53 INFO: 2024\03\21\20240321_234853392133700.xlsx | country unknown
2024-03-21 23:49:44 INFO: 2024\03\21\20240321_234944759942100.xlsx | country unknown
2024-03-21 23:56:32 INFO: 2024\03\21\20240321_235631854528900.xlsx | country unknown
2024-03-21 23:58:16 INFO: 2024\03\21\20240321_235816715848000.xlsx | country unknown
2024-03-21 23:59:19 INFO: 2024\03\21\20240321_235918873104500.xlsx | country unknown
2024-03-22 00:01:02 INFO: 2024\03\22\20240322_000101936572100.xlsx | country unknown
2024-03-22 00:16:29 INFO: 2024\03\22\20240322_001629818350800.xlsx | country unknown
2024-03-22 00:17:11 INFO: 2024\03\22\20240322_001711178275800.xlsx | country unknown
2024-03-22 00:18:09 INFO: 2024\03\22\20240322_001809757097600.xlsx | country unknown
2024-03-22 00:20:49 INFO: 2024\03\22\20240322_002049400546600.xlsx | country unknown
2024-03-22 00:22:35 INFO: 2024\03\22\20240322_002234937329600.xlsx | country unknown
2024-03-22 00:24:32 INFO: 2024\03\22\20240322_0024329667800.xlsx | country unknown
2024-03-22 13:52:48 INFO: 2024\03\22\20240322_135247816479400.xlsx | country unknown
2024-03-22 14:03:14 INFO: 2024\03\22\20240322_140313987796400.xlsx | country unknown
2024-03-22 14:16:56 INFO: 2024\03\22\20240322_141656449278600.xlsx | country unknown
2024-03-22 16:17:49 INFO: 2024\03\22\20240322_161749772201600.xlsx | country unknown
2024-03-22 16:31:27 INFO: 2024\03\22\20240322_163127287858400.xlsx | country unknown
2024-03-22 16:49:02 INFO: 2024\03\22\20240322_164901902400100.xlsx | country unknown
2024-03-22 16:49:38 INFO: 2024\03\22\20240322_164938268604000.xlsx | country unknown
2024-03-22 17:02:00 INFO: 2024\03\22\20240322_170200370058600.xlsx | country unknown
2024-03-22 17:40:55 INFO: 2024\03\22\20240322_174054818057600.xlsx | country unknown
2024-03-22 18:15:46 INFO: 2024\03\22\20240322_181545712508600.xlsx | country unknown
2024-03-22 19:53:43 INFO: 2024\03\22\20240322_195342669061600.xlsx | country unknown
2024-03-22 20:03:54 INFO: 2024\03\22\20240322_200353642091800.xlsx | country unknown
2024-03-22 20:13:04 INFO: 2024\03\22\20240322_201303727595100.xlsx | country unknown
2024-03-22 20:22:48 INFO: 2024\03\22\20240322_20224824711900.xlsx | country unknown
2024-03-22 20:25:45 INFO: 2024\03\22\20240322_202545523730200.xlsx | country unknown
2024-03-22 20:28:31 INFO: 2024\03\22\20240322_202830697284200.xlsx | country unknown
2024-03-22 20:31:27 INFO: 2024\03\22\20240322_203126955080500.xlsx | country unknown
2024-03-22 20:35:09 INFO: 2024\03\22\20240322_203508704306700.xlsx | country unknown
2024-03-22 21:52:02 INFO: 2024\03\22\20240322_215201852963900.xlsx | country unknown
2024-03-23 00:42:52 INFO: 2024\03\23\20240323_004250242038800.xlsx | United States
2024-03-25 08:14:25 INFO: 2024\03\25\20240325_081420240268400.xlsx | country unknown
2024-03-25 22:20:31 INFO: 2024\03\25\20240325_2220298982500.xlsx | South Korea
2024-04-01 14:48:19 INFO: 2024\04\01\20240401_144742660661200.xlsx | country unknown
2024-04-01 15:37:28 INFO: 2024\04\01\20240401_153638143742000.xlsx | country unknown
2024-04-01 15:37:51 INFO: 2024\04\01\20240401_153707253560000.xlsx | country unknown
2024-04-03 16:46:55 INFO: 2024\04\03\20240403_16465146573000.xlsx | country unknown
2024-04-09 15:19:57 INFO: 2024\04\09\20240409_151957819889700.xlsx | India
2024-04-19 11:36:00 INFO: 2024\04\19\20240419_113536421381300.xlsx | South Korea
2024-05-07 10:20:45 INFO: 2024\05\07\20240507_10201997830100.xlsx | South Korea | Namyangju | 211.53.77.4
2024-05-07 10:21:40 INFO: 2024\05\07\20240507_102115649155000.xlsx | South Korea | Namyangju | 211.53.77.4
2024-05-14 11:10:03 INFO: 2024\05\14\20240514_103723620081200.xlsx | country unknown
2024-05-14 11:10:04 INFO: 2024\05\14\20240514_103620766729000.xlsx | country unknown
2024-05-14 11:10:21 INFO: 2024\05\14\20240514_10370856267800.xlsx | country unknown
2024-05-16 16:28:43 INFO: 2024\05\16\20240516_160239430494200.xlsx | country unknown
2024-05-16 16:28:49 INFO: 2024\05\16\20240516_160229174963500.xlsx | country unknown
2024-05-21 18:45:12 INFO: 2024\05\21\20240521_184413139874700.xlsx | South Korea
